Arguments: 
  /Users/fx/.nvm/versions/node/v10.14.2/bin/node /usr/local/bin/yarn

PATH: 
  /Users/fx/.nvm/versions/node/v10.14.2/bin:/usr/local/bin:/usr/bin:/bin:/usr/sbin:/sbin

Yarn version: 
  1.12.3

Node version: 
  10.14.2

Platform: 
  darwin x64

Trace: 
  SyntaxError: /Users/fx/Desktop/webpack_test/3-5/package.json: Unexpected token } in JSON at position 278
      at JSON.parse (<anonymous>)
      at /usr/local/lib/node_modules/yarn/lib/cli.js:1631:59
      at Generator.next (<anonymous>)
      at step (/usr/local/lib/node_modules/yarn/lib/cli.js:304:30)
      at /usr/local/lib/node_modules/yarn/lib/cli.js:315:13

npm manifest: 
  {
    "name": "3-5",
    "version": "1.0.0",
    "description": "",
    "main": "index.js",
    "scripts": {
      "test": "echo \"Error: no test specified\" && exit 1"
    },
    "author": "",
    "license": "ISC",
    "devDependencies": {
      "webpack": "^4.6.0",
      "webpack-cli": "^2.0.15",
    }
  }

yarn manifest: 
  No manifest

Lockfile: 
  # THIS IS AN AUTOGENERATED FILE. DO NOT EDIT THIS FILE DIRECTLY.
  # yarn lockfile v1
