Arguments: 
  /Users/fx/.nvm/versions/node/v6.10.0/bin/node /usr/local/bin/yarn add @babel-loader @babel-core --dev-s

PATH: 
  /Users/fx/.nvm/versions/node/v6.10.0/bin:/usr/local/bin:/usr/bin:/bin:/usr/sbin:/sbin

Yarn version: 
  1.12.3

Node version: 
  6.10.0

Platform: 
  darwin x64

Trace: 
  Error: https://registry.yarnpkg.com/@babel-loader: Request "https://registry.yarnpkg.com/@babel-loader" returned a 405
      at Request.params.callback [as _callback] (/usr/local/lib/node_modules/yarn/lib/cli.js:65903:18)
      at Request.self.callback (/usr/local/lib/node_modules/yarn/lib/cli.js:129018:22)
      at emitTwo (events.js:106:13)
      at Request.emit (events.js:191:7)
      at Request.<anonymous> (/usr/local/lib/node_modules/yarn/lib/cli.js:129990:10)
      at emitOne (events.js:96:13)
      at Request.emit (events.js:188:7)
      at IncomingMessage.<anonymous> (/usr/local/lib/node_modules/yarn/lib/cli.js:129912:12)
      at IncomingMessage.g (events.js:291:16)
      at emitNone (events.js:91:20)

npm manifest: 
  {
    "name": "3-3-demo",
    "version": "1.0.0",
    "description": "",
    "main": "index.js",
    "scripts": {
      "test": "echo \"Error: no test specified\" && exit 1"
    },
    "author": "",
    "license": "ISC"
  }

yarn manifest: 
  No manifest

Lockfile: 
  No lockfile
